<?xml version="1.0" encoding="UTF-8"?>
<!-- Generated by org.testng.reporters.JUnitXMLReporter -->
<testsuite ignored="0" hostname="mhaskar-WX-1" failures="0" tests="4" name="Default test" time="39.619" errors="0" timestamp="2021-06-03T11:42:49 GMT+05:30">
  <testcase classname="cucumber.api.testng.AbstractTestNGCucumberTests" name="feature" time="14.389"/>
  <testcase classname="cucumber.api.testng.AbstractTestNGCucumberTests" name="feature" time="11.92"/>
  <testcase classname="cucumber.api.testng.AbstractTestNGCucumberTests" name="feature" time="10.023"/>
  <testcase classname="cucumber.api.testng.AbstractTestNGCucumberTests" name="feature" time="2.449"/>
</testsuite> <!-- Default test -->
