<?xml version="1.0" encoding="UTF-8"?>
<testng-results ignored="0" total="4" passed="4" failed="0" skipped="0">
  <reporter-output>
  </reporter-output>
  <suite started-at="2021-06-03T11:42:09 GMT+05:30" name="Default suite" finished-at="2021-06-03T11:42:48 GMT+05:30" duration-ms="39619">
    <groups>
      <group name="cucumber">
        <method signature="AbstractTestNGCucumberTests.feature(cucumber.api.testng.CucumberFeatureWrapper)[pri:0, instance:test.java.runner.TestRunner@636be97c]" name="feature" class="cucumber.api.testng.AbstractTestNGCucumberTests"/>
      </group> <!-- cucumber -->
    </groups>
    <test started-at="2021-06-03T11:42:09 GMT+05:30" name="Default test" finished-at="2021-06-03T11:42:48 GMT+05:30" duration-ms="39619">
      <class name="test.java.runner.TestRunner">
        <test-method is-config="true" signature="initSetup()[pri:0, instance:test.java.runner.TestRunner@636be97c]" started-at="2021-06-03T11:42:07 GMT+05:30" name="initSetup" finished-at="2021-06-03T11:42:09 GMT+05:30" duration-ms="2242" status="PASS">
          <reporter-output>
          </reporter-output>
        </test-method> <!-- initSetup -->
        <test-method is-config="true" signature="setUpClass()[pri:0, instance:test.java.runner.TestRunner@636be97c]" started-at="2021-06-03T11:42:09 GMT+05:30" name="setUpClass" finished-at="2021-06-03T11:42:09 GMT+05:30" duration-ms="318" status="PASS">
          <reporter-output>
          </reporter-output>
        </test-method> <!-- setUpClass -->
        <test-method signature="feature(cucumber.api.testng.CucumberFeatureWrapper)[pri:0, instance:test.java.runner.TestRunner@636be97c]" started-at="2021-06-03T11:42:09 GMT+05:30" name="feature" description="Runs Cucumber Feature" data-provider="features" finished-at="2021-06-03T11:42:24 GMT+05:30" duration-ms="14389" status="PASS">
          <params>
            <param index="0">
              <value>
                <![CDATA[Edit Map feature]]>
              </value>
            </param>
          </params>
          <reporter-output>
          </reporter-output>
        </test-method> <!-- feature -->
        <test-method is-config="true" signature="tearDownr(org.testng.ITestResult)[pri:0, instance:test.java.runner.TestRunner@636be97c]" started-at="2021-06-03T11:42:24 GMT+05:30" name="tearDownr" finished-at="2021-06-03T11:42:24 GMT+05:30" duration-ms="2" status="PASS">
          <params>
            <param index="0">
              <value>
                <![CDATA[[TestResult name=feature status=SUCCESS method=AbstractTestNGCucumberTests.feature(cucumber.api.testng.CucumberFeatureWrapper)[pri:0, instance:test.java.runner.TestRunner@636be97c] output={null}]]]>
              </value>
            </param>
          </params>
          <reporter-output>
          </reporter-output>
        </test-method> <!-- tearDownr -->
        <test-method signature="feature(cucumber.api.testng.CucumberFeatureWrapper)[pri:0, instance:test.java.runner.TestRunner@636be97c]" started-at="2021-06-03T11:42:24 GMT+05:30" name="feature" description="Runs Cucumber Feature" data-provider="features" finished-at="2021-06-03T11:42:36 GMT+05:30" duration-ms="11920" status="PASS">
          <params>
            <param index="0">
              <value>
                <![CDATA[Region feature]]>
              </value>
            </param>
          </params>
          <reporter-output>
          </reporter-output>
        </test-method> <!-- feature -->
        <test-method is-config="true" signature="tearDownr(org.testng.ITestResult)[pri:0, instance:test.java.runner.TestRunner@636be97c]" started-at="2021-06-03T11:42:36 GMT+05:30" name="tearDownr" finished-at="2021-06-03T11:42:36 GMT+05:30" duration-ms="0" status="PASS">
          <params>
            <param index="0">
              <value>
                <![CDATA[[TestResult name=feature status=SUCCESS method=AbstractTestNGCucumberTests.feature(cucumber.api.testng.CucumberFeatureWrapper)[pri:0, instance:test.java.runner.TestRunner@636be97c] output={null}]]]>
              </value>
            </param>
          </params>
          <reporter-output>
          </reporter-output>
        </test-method> <!-- tearDownr -->
        <test-method signature="feature(cucumber.api.testng.CucumberFeatureWrapper)[pri:0, instance:test.java.runner.TestRunner@636be97c]" started-at="2021-06-03T11:42:36 GMT+05:30" name="feature" description="Runs Cucumber Feature" data-provider="features" finished-at="2021-06-03T11:42:46 GMT+05:30" duration-ms="10023" status="PASS">
          <params>
            <param index="0">
              <value>
                <![CDATA[Delete Node & Region feature]]>
              </value>
            </param>
          </params>
          <reporter-output>
          </reporter-output>
        </test-method> <!-- feature -->
        <test-method signature="feature(cucumber.api.testng.CucumberFeatureWrapper)[pri:0, instance:test.java.runner.TestRunner@636be97c]" started-at="2021-06-03T11:42:46 GMT+05:30" name="feature" description="Runs Cucumber Feature" data-provider="features" finished-at="2021-06-03T11:42:48 GMT+05:30" duration-ms="2449" status="PASS">
          <params>
            <param index="0">
              <value>
                <![CDATA[Search movie ID with API operation using REST-Assured]]>
              </value>
            </param>
          </params>
          <reporter-output>
          </reporter-output>
        </test-method> <!-- feature -->
        <test-method is-config="true" signature="tearDownr(org.testng.ITestResult)[pri:0, instance:test.java.runner.TestRunner@636be97c]" started-at="2021-06-03T11:42:46 GMT+05:30" name="tearDownr" finished-at="2021-06-03T11:42:46 GMT+05:30" duration-ms="0" status="PASS">
          <params>
            <param index="0">
              <value>
                <![CDATA[[TestResult name=feature status=SUCCESS method=AbstractTestNGCucumberTests.feature(cucumber.api.testng.CucumberFeatureWrapper)[pri:0, instance:test.java.runner.TestRunner@636be97c] output={null}]]]>
              </value>
            </param>
          </params>
          <reporter-output>
          </reporter-output>
        </test-method> <!-- tearDownr -->
        <test-method is-config="true" signature="tearDownr(org.testng.ITestResult)[pri:0, instance:test.java.runner.TestRunner@636be97c]" started-at="2021-06-03T11:42:48 GMT+05:30" name="tearDownr" finished-at="2021-06-03T11:42:48 GMT+05:30" duration-ms="1" status="PASS">
          <params>
            <param index="0">
              <value>
                <![CDATA[[TestResult name=feature status=SUCCESS method=AbstractTestNGCucumberTests.feature(cucumber.api.testng.CucumberFeatureWrapper)[pri:0, instance:test.java.runner.TestRunner@636be97c] output={null}]]]>
              </value>
            </param>
          </params>
          <reporter-output>
          </reporter-output>
        </test-method> <!-- tearDownr -->
        <test-method is-config="true" signature="setup()[pri:0, instance:test.java.runner.TestRunner@636be97c]" started-at="2021-06-03T11:42:48 GMT+05:30" name="setup" finished-at="2021-06-03T11:42:48 GMT+05:30" duration-ms="15" status="PASS">
          <reporter-output>
          </reporter-output>
        </test-method> <!-- setup -->
        <test-method is-config="true" signature="tearDownClass()[pri:0, instance:test.java.runner.TestRunner@636be97c]" started-at="2021-06-03T11:42:48 GMT+05:30" name="tearDownClass" finished-at="2021-06-03T11:42:48 GMT+05:30" duration-ms="350" status="PASS">
          <reporter-output>
          </reporter-output>
        </test-method> <!-- tearDownClass -->
        <test-method is-config="true" signature="closeBrowser()[pri:0, instance:test.java.runner.TestRunner@636be97c]" started-at="2021-06-03T11:42:49 GMT+05:30" name="closeBrowser" finished-at="2021-06-03T11:42:49 GMT+05:30" duration-ms="815" status="PASS">
          <reporter-output>
          </reporter-output>
        </test-method> <!-- closeBrowser -->
      </class> <!-- test.java.runner.TestRunner -->
    </test> <!-- Default test -->
  </suite> <!-- Default suite -->
</testng-results>
